# JRE version: OpenJDK Runtime Environment Temurin-21.0.12.1+1 (21.0.12.1+1) (build 21.0.12.1+1-LTS)
# Java VM: OpenJDK 64-Bit Server VM Temurin-21.0.12.1+1 (21.0.12.1+1-LTS, mixed mode, sharing, tiered, compressed oops, compressed class ptrs, g1 gc, windows-amd64)
GC Precious Log:
 CardTable entry size: 512
 Card Set container configuration: InlinePtr #cards 4 size 8 Array Of Cards #cards 32 size 80 Howl #buckets 8 coarsen threshold 7372 Howl Bitmap #cards 1024 size 144 coarsen threshold 921 Card regions per heap region 1 cards per card region 8192
 CPUs: 4 total, 4 available
 Memory: 6020M
 Large Page Support: Disabled
 NUMA Support: Disabled
 Compressed Oops: Enabled (Zero based)
 Heap Region Size: 4M
 Heap Min Capacity: 8M
 Heap Initial Capacity: 96M
 Heap Max Capacity: 8G
 Pre-touch: Disabled
 Parallel Workers: 4
 Concurrent Workers: 1
 Concurrent Refinement Workers: 4
 Periodic GC: Disabled
Heap:
 garbage-first heap   total 98304K, used 37874K [0x0000000600000000, 0x0000000800000000)
  region size 4096K, 4 young (16384K), 1 survivors (4096K)
 Metaspace       used 36190K, committed 37504K, reserved 1114112K
  class space    used 5236K, committed 5888K, reserved 1048576K
GC Heap History (18 events):
Event: 0.798 GC heap before
{Heap before GC invocations=0 (full 0):
 garbage-first heap   total 98304K, used 4096K [0x0000000600000000, 0x0000000800000000)
  region size 4096K, 2 young (8192K), 0 survivors (0K)
 Metaspace       used 778K, committed 960K, reserved 1114112K
  class space    used 70K, committed 128K, reserved 1048576K
}
Event: 0.804 GC heap after
{Heap after GC invocations=1 (full 0):
 garbage-first heap   total 98304K, used 1058K [0x0000000600000000, 0x0000000800000000)
  region size 4096K, 1 young (4096K), 1 survivors (4096K)
 Metaspace       used 778K, committed 960K, reserved 1114112K
  class space    used 70K, committed 128K, reserved 1048576K
}
Event: 1.242 GC heap before
{Heap before GC invocations=1 (full 0):
 garbage-first heap   total 98304K, used 13346K [0x0000000600000000, 0x0000000800000000)
  region size 4096K, 4 young (16384K), 1 survivors (4096K)
 Metaspace       used 874K, committed 1024K, reserved 1114112K
  class space    used 70K, committed 128K, reserved 1048576K
}
Event: 1.246 GC heap after
{Heap after GC invocations=2 (full 0):
 garbage-first heap   total 98304K, used 1660K [0x0000000600000000, 0x0000000800000000)
  region size 4096K, 1 young (4096K), 1 survivors (4096K)
 Metaspace       used 874K, committed 1024K, reserved 1114112K
  class space    used 70K, committed 128K, reserved 1048576K
}
Event: 7.782 GC heap before
{Heap before GC invocations=2 (full 0):
 garbage-first heap   total 98304K, used 54908K [0x0000000600000000, 0x0000000800000000)
  region size 4096K, 14 young (57344K), 1 survivors (4096K)
 Metaspace       used 4609K, committed 4864K, reserved 1114112K
  class space    used 582K, committed 704K, reserved 1048576K
}
Event: 7.794 GC heap after
{Heap after GC invocations=3 (full 0):
 garbage-first heap   total 98304K, used 12288K [0x0000000600000000, 0x0000000800000000)
  region size 4096K, 2 young (8192K), 2 survivors (8192K)
 Metaspace       used 4609K, committed 4864K, reserved 1114112K
  class space    used 582K, committed 704K, reserved 1048576K
}
Event: 10.427 GC heap before
{Heap before GC invocations=3 (full 0):
 garbage-first heap   total 98304K, used 61440K [0x0000000600000000, 0x0000000800000000)
  region size 4096K, 14 young (57344K), 2 survivors (8192K)
 Metaspace       used 7397K, committed 7680K, reserved 1114112K
  class space    used 1003K, committed 1152K, reserved 1048576K
}
Event: 10.446 GC heap after
{Heap after GC invocations=4 (full 0):
 garbage-first heap   total 98304K, used 18747K [0x0000000600000000, 0x0000000800000000)
  region size 4096K, 2 young (8192K), 2 survivors (8192K)
 Metaspace       used 7397K, committed 7680K, reserved 1114112K
  class space    used 1003K, committed 1152K, reserved 1048576K
}
Event: 14.476 GC heap before
{Heap before GC invocations=4 (full 0):
 garbage-first heap   total 98304K, used 67899K [0x0000000600000000, 0x0000000800000000)
  region size 4096K, 14 young (57344K), 2 survivors (8192K)
 Metaspace       used 16681K, committed 17152K, reserved 1114112K
  class space    used 2305K, committed 2496K, reserved 1048576K
}
Event: 14.487 GC heap after
{Heap after GC invocations=5 (full 0):
 garbage-first heap   total 98304K, used 22078K [0x0000000600000000, 0x0000000800000000)
  region size 4096K, 1 young (4096K), 1 survivors (4096K)
 Metaspace       used 16681K, committed 17152K, reserved 1114112K
  class space    used 2305K, committed 2496K, reserved 1048576K
}
Event: 15.664 GC heap before
{Heap before GC invocations=5 (full 0):
 garbage-first heap   total 98304K, used 46654K [0x0000000600000000, 0x0000000800000000)
  region size 4096K, 9 young (36864K), 1 survivors (4096K)
 Metaspace       used 20880K, committed 21504K, reserved 1114112K
  class space    used 2874K, committed 3200K, reserved 1048576K
}
Event: 15.671 GC heap after
{Heap after GC invocations=6 (full 0):
 garbage-first heap   total 98304K, used 23374K [0x0000000600000000, 0x0000000800000000)
  region size 4096K, 2 young (8192K), 2 survivors (8192K)
 Metaspace       used 20880K, committed 21504K, reserved 1114112K
  class space    used 2874K, committed 3200K, reserved 1048576K
}
Event: 18.498 GC heap before
{Heap before GC invocations=7 (full 0):
 garbage-first heap   total 98304K, used 72526K [0x0000000600000000, 0x0000000800000000)
  region size 4096K, 14 young (57344K), 2 survivors (8192K)
 Metaspace       used 27196K, committed 28160K, reserved 1114112K
  class space    used 3901K, committed 4352K, reserved 1048576K
}
Event: 18.510 GC heap after
{Heap after GC invocations=8 (full 0):
 garbage-first heap   total 98304K, used 26635K [0x0000000600000000, 0x0000000800000000)
  region size 4096K, 2 young (8192K), 2 survivors (8192K)
 Metaspace       used 27196K, committed 28160K, reserved 1114112K
  class space    used 3901K, committed 4352K, reserved 1048576K
}
Event: 30.351 GC heap before
{Heap before GC invocations=8 (full 0):
 garbage-first heap   total 98304K, used 75787K [0x0000000600000000, 0x0000000800000000)
  region size 4096K, 14 young (57344K), 2 survivors (8192K)
 Metaspace       used 33567K, committed 34944K, reserved 1114112K
  class space    used 4994K, committed 5632K, reserved 1048576K
}
Event: 30.367 GC heap after
{Heap after GC invocations=9 (full 0):
 garbage-first heap   total 98304K, used 28970K [0x0000000600000000, 0x0000000800000000)
  region size 4096K, 2 young (8192K), 2 survivors (8192K)
 Metaspace       used 33567K, committed 34944K, reserved 1114112K
  class space    used 4994K, committed 5632K, reserved 1048576K
}
Event: 30.571 GC heap before
{Heap before GC invocations=9 (full 0):
 garbage-first heap   total 98304K, used 33066K [0x0000000600000000, 0x0000000800000000)
  region size 4096K, 4 young (16384K), 2 survivors (8192K)
 Metaspace       used 34636K, committed 35968K, reserved 1114112K
  class space    used 5052K, committed 5696K, reserved 1048576K
}
Event: 30.580 GC heap after
{Heap after GC invocations=10 (full 0):
 garbage-first heap   total 98304K, used 29682K [0x0000000600000000, 0x0000000800000000)
  region size 4096K, 1 young (4096K), 1 survivors (4096K)
 Metaspace       used 34636K, committed 35968K, reserved 1114112K
  class space    used 5052K, committed 5696K, reserved 1048576K
}

