# JRE version: OpenJDK Runtime Environment Temurin-21.0.12.1+1 (21.0.12.1+1) (build 21.0.12.1+1-LTS)
# Java VM: OpenJDK 64-Bit Server VM Temurin-21.0.12.1+1 (21.0.12.1+1-LTS, mixed mode, sharing, tiered, compressed oops, compressed class ptrs, g1 gc, windows-amd64)
GC Precious Log:
 CardTable entry size: 512
 Card Set container configuration: InlinePtr #cards 4 size 8 Array Of Cards #cards 32 size 80 Howl #buckets 8 coarsen threshold 7372 Howl Bitmap #cards 1024 size 144 coarsen threshold 921 Card regions per heap region 1 cards per card region 8192
 CPUs: 4 total, 4 available
 Memory: 6020M
 Large Page Support: Disabled
 NUMA Support: Disabled
 Compressed Oops: Enabled (Zero based)
 Heap Region Size: 4M
 Heap Min Capacity: 8M
 Heap Initial Capacity: 96M
 Heap Max Capacity: 8G
 Pre-touch: Disabled
 Parallel Workers: 4
 Concurrent Workers: 1
 Concurrent Refinement Workers: 4
 Periodic GC: Disabled
Heap:
 garbage-first heap   total 110592K, used 85422K [0x0000000600000000, 0x0000000800000000)
  region size 4096K, 8 young (32768K), 2 survivors (8192K)
 Metaspace       used 75441K, committed 77632K, reserved 1179648K
  class space    used 11026K, committed 12096K, reserved 1048576K
GC Heap History (20 events):
Event: 63.345 GC heap before
{Heap before GC invocations=15 (full 0):
 garbage-first heap   total 98304K, used 80363K [0x0000000600000000, 0x0000000800000000)
  region size 4096K, 13 young (53248K), 2 survivors (8192K)
 Metaspace       used 51580K, committed 53440K, reserved 1114112K
  class space    used 7708K, committed 8640K, reserved 1048576K
}
Event: 63.359 GC heap after
{Heap after GC invocations=16 (full 0):
 garbage-first heap   total 98304K, used 44893K [0x0000000600000000, 0x0000000800000000)
  region size 4096K, 2 young (8192K), 2 survivors (8192K)
 Metaspace       used 51580K, committed 53440K, reserved 1114112K
  class space    used 7708K, committed 8640K, reserved 1048576K
}
Event: 78.871 GC heap before
{Heap before GC invocations=16 (full 0):
 garbage-first heap   total 98304K, used 85853K [0x0000000600000000, 0x0000000800000000)
  region size 4096K, 12 young (49152K), 2 survivors (8192K)
 Metaspace       used 56480K, committed 58304K, reserved 1114112K
  class space    used 8337K, committed 9216K, reserved 1048576K
}
Event: 78.915 GC heap after
{Heap after GC invocations=17 (full 0):
 garbage-first heap   total 98304K, used 46733K [0x0000000600000000, 0x0000000800000000)
  region size 4096K, 1 young (4096K), 1 survivors (4096K)
 Metaspace       used 56480K, committed 58304K, reserved 1114112K
  class space    used 8337K, committed 9216K, reserved 1048576K
}
Event: 85.269 GC heap before
{Heap before GC invocations=17 (full 0):
 garbage-first heap   total 98304K, used 67213K [0x0000000600000000, 0x0000000800000000)
  region size 4096K, 7 young (28672K), 1 survivors (4096K)
 Metaspace       used 58481K, committed 60416K, reserved 1114112K
  class space    used 8628K, committed 9600K, reserved 1048576K
}
Event: 85.285 GC heap after
{Heap after GC invocations=18 (full 0):
 garbage-first heap   total 98304K, used 47368K [0x0000000600000000, 0x0000000800000000)
  region size 4096K, 1 young (4096K), 1 survivors (4096K)
 Metaspace       used 58481K, committed 60416K, reserved 1114112K
  class space    used 8628K, committed 9600K, reserved 1048576K
}
Event: 88.409 GC heap before
{Heap before GC invocations=19 (full 0):
 garbage-first heap   total 98304K, used 84232K [0x0000000600000000, 0x0000000800000000)
  region size 4096K, 10 young (40960K), 1 survivors (4096K)
 Metaspace       used 60810K, committed 62720K, reserved 1114112K
  class space    used 8966K, committed 9920K, reserved 1048576K
}
Event: 88.418 GC heap after
{Heap after GC invocations=20 (full 0):
 garbage-first heap   total 98304K, used 48346K [0x0000000600000000, 0x0000000800000000)
  region size 4096K, 1 young (4096K), 1 survivors (4096K)
 Metaspace       used 60810K, committed 62720K, reserved 1114112K
  class space    used 8966K, committed 9920K, reserved 1048576K
}
Event: 93.632 GC heap before
{Heap before GC invocations=20 (full 0):
 garbage-first heap   total 98304K, used 89306K [0x0000000600000000, 0x0000000800000000)
  region size 4096K, 11 young (45056K), 1 survivors (4096K)
 Metaspace       used 63547K, committed 65536K, reserved 1114112K
  class space    used 9363K, committed 10368K, reserved 1048576K
}
Event: 93.645 GC heap after
{Heap after GC invocations=21 (full 0):
 garbage-first heap   total 102400K, used 49065K [0x0000000600000000, 0x0000000800000000)
  region size 4096K, 2 young (8192K), 2 survivors (8192K)
 Metaspace       used 63547K, committed 65536K, reserved 1114112K
  class space    used 9363K, committed 10368K, reserved 1048576K
}
Event: 98.192 GC heap before
{Heap before GC invocations=21 (full 0):
 garbage-first heap   total 102400K, used 90025K [0x0000000600000000, 0x0000000800000000)
  region size 4096K, 12 young (49152K), 2 survivors (8192K)
 Metaspace       used 66164K, committed 68224K, reserved 1114112K
  class space    used 9731K, committed 10752K, reserved 1048576K
}
Event: 98.205 GC heap after
{Heap after GC invocations=22 (full 0):
 garbage-first heap   total 106496K, used 52067K [0x0000000600000000, 0x0000000800000000)
  region size 4096K, 2 young (8192K), 2 survivors (8192K)
 Metaspace       used 66164K, committed 68224K, reserved 1114112K
  class space    used 9731K, committed 10752K, reserved 1048576K
}
Event: 108.960 GC heap before
{Heap before GC invocations=22 (full 0):
 garbage-first heap   total 106496K, used 93027K [0x0000000600000000, 0x0000000800000000)
  region size 4096K, 12 young (49152K), 2 survivors (8192K)
 Metaspace       used 69463K, committed 71488K, reserved 1114112K
  class space    used 10287K, committed 11264K, reserved 1048576K
}
Event: 108.982 GC heap after
{Heap after GC invocations=23 (full 0):
 garbage-first heap   total 106496K, used 55654K [0x0000000600000000, 0x0000000800000000)
  region size 4096K, 2 young (8192K), 2 survivors (8192K)
 Metaspace       used 69463K, committed 71488K, reserved 1114112K
  class space    used 10287K, committed 11264K, reserved 1048576K
}
Event: 117.796 GC heap before
{Heap before GC invocations=24 (full 0):
 garbage-first heap   total 106496K, used 92518K [0x0000000600000000, 0x0000000800000000)
  region size 4096K, 11 young (45056K), 2 survivors (8192K)
 Metaspace       used 72341K, committed 74432K, reserved 1114112K
  class space    used 10651K, committed 11648K, reserved 1048576K
}
Event: 117.815 GC heap after
{Heap after GC invocations=25 (full 0):
 garbage-first heap   total 106496K, used 59879K [0x0000000600000000, 0x0000000800000000)
  region size 4096K, 2 young (8192K), 2 survivors (8192K)
 Metaspace       used 72341K, committed 74432K, reserved 1114112K
  class space    used 10651K, committed 11648K, reserved 1048576K
}
Event: 177.857 GC heap before
{Heap before GC invocations=25 (full 0):
 garbage-first heap   total 106496K, used 92647K [0x0000000600000000, 0x0000000800000000)
  region size 4096K, 10 young (40960K), 2 survivors (8192K)
 Metaspace       used 74998K, committed 77184K, reserved 1114112K
  class space    used 11012K, committed 12096K, reserved 1048576K
}
Event: 177.935 GC heap after
{Heap after GC invocations=26 (full 0):
 garbage-first heap   total 106496K, used 62690K [0x0000000600000000, 0x0000000800000000)
  region size 4096K, 2 young (8192K), 2 survivors (8192K)
 Metaspace       used 74998K, committed 77184K, reserved 1114112K
  class space    used 11012K, committed 12096K, reserved 1048576K
}
Event: 182.497 GC heap before
{Heap before GC invocations=27 (full 0):
 garbage-first heap   total 110592K, used 91362K [0x0000000600000000, 0x0000000800000000)
  region size 4096K, 9 young (36864K), 2 survivors (8192K)
 Metaspace       used 75402K, committed 77568K, reserved 1179648K
  class space    used 11025K, committed 12096K, reserved 1048576K
}
Event: 182.516 GC heap after
{Heap after GC invocations=28 (full 0):
 garbage-first heap   total 110592K, used 64942K [0x0000000600000000, 0x0000000800000000)
  region size 4096K, 2 young (8192K), 2 survivors (8192K)
 Metaspace       used 75402K, committed 77568K, reserved 1179648K
  class space    used 11025K, committed 12096K, reserved 1048576K
}

