# JRE version: OpenJDK Runtime Environment Temurin-21.0.12.1+1 (21.0.12.1+1) (build 21.0.12.1+1-LTS)
# Java VM: OpenJDK 64-Bit Server VM Temurin-21.0.12.1+1 (21.0.12.1+1-LTS, mixed mode, sharing, tiered, compressed oops, compressed class ptrs, g1 gc, windows-amd64)
GC Precious Log:
 CardTable entry size: 512
 Card Set container configuration: InlinePtr #cards 4 size 8 Array Of Cards #cards 32 size 80 Howl #buckets 8 coarsen threshold 7372 Howl Bitmap #cards 1024 size 144 coarsen threshold 921 Card regions per heap region 1 cards per card region 8192
 CPUs: 4 total, 4 available
 Memory: 6020M
 Large Page Support: Disabled
 NUMA Support: Disabled
 Compressed Oops: Enabled (Zero based)
 Heap Region Size: 4M
 Heap Min Capacity: 8M
 Heap Initial Capacity: 96M
 Heap Max Capacity: 8G
 Pre-touch: Disabled
 Parallel Workers: 4
 Concurrent Workers: 1
 Concurrent Refinement Workers: 4
 Periodic GC: Disabled
Heap:
 garbage-first heap   total 98304K, used 84440K [0x0000000600000000, 0x0000000800000000)
  region size 4096K, 12 young (49152K), 2 survivors (8192K)
 Metaspace       used 55562K, committed 57472K, reserved 1114112K
  class space    used 8277K, committed 9216K, reserved 1048576K
GC Heap History (20 events):
Event: 17.876 GC heap after
{Heap after GC invocations=5 (full 0):
 garbage-first heap   total 98304K, used 21958K [0x0000000600000000, 0x0000000800000000)
  region size 4096K, 1 young (4096K), 1 survivors (4096K)
 Metaspace       used 16729K, committed 17216K, reserved 1114112K
  class space    used 2320K, committed 2496K, reserved 1048576K
}
Event: 19.415 GC heap before
{Heap before GC invocations=5 (full 0):
 garbage-first heap   total 98304K, used 46534K [0x0000000600000000, 0x0000000800000000)
  region size 4096K, 9 young (36864K), 1 survivors (4096K)
 Metaspace       used 20887K, committed 21504K, reserved 1114112K
  class space    used 2884K, committed 3200K, reserved 1048576K
}
Event: 19.425 GC heap after
{Heap after GC invocations=6 (full 0):
 garbage-first heap   total 98304K, used 23698K [0x0000000600000000, 0x0000000800000000)
  region size 4096K, 2 young (8192K), 2 survivors (8192K)
 Metaspace       used 20887K, committed 21504K, reserved 1114112K
  class space    used 2884K, committed 3200K, reserved 1048576K
}
Event: 22.188 GC heap before
{Heap before GC invocations=7 (full 0):
 garbage-first heap   total 98304K, used 72850K [0x0000000600000000, 0x0000000800000000)
  region size 4096K, 14 young (57344K), 2 survivors (8192K)
 Metaspace       used 27238K, committed 28160K, reserved 1114112K
  class space    used 3909K, committed 4352K, reserved 1048576K
}
Event: 22.202 GC heap after
{Heap after GC invocations=8 (full 0):
 garbage-first heap   total 98304K, used 26613K [0x0000000600000000, 0x0000000800000000)
  region size 4096K, 2 young (8192K), 2 survivors (8192K)
 Metaspace       used 27238K, committed 28160K, reserved 1114112K
  class space    used 3909K, committed 4352K, reserved 1048576K
}
Event: 25.341 GC heap before
{Heap before GC invocations=8 (full 0):
 garbage-first heap   total 98304K, used 75765K [0x0000000600000000, 0x0000000800000000)
  region size 4096K, 14 young (57344K), 2 survivors (8192K)
 Metaspace       used 33567K, committed 34880K, reserved 1114112K
  class space    used 5002K, committed 5632K, reserved 1048576K
}
Event: 25.357 GC heap after
{Heap after GC invocations=9 (full 0):
 garbage-first heap   total 98304K, used 29711K [0x0000000600000000, 0x0000000800000000)
  region size 4096K, 2 young (8192K), 2 survivors (8192K)
 Metaspace       used 33567K, committed 34880K, reserved 1114112K
  class space    used 5002K, committed 5632K, reserved 1048576K
}
Event: 25.528 GC heap before
{Heap before GC invocations=9 (full 0):
 garbage-first heap   total 98304K, used 33807K [0x0000000600000000, 0x0000000800000000)
  region size 4096K, 4 young (16384K), 2 survivors (8192K)
 Metaspace       used 34654K, committed 35968K, reserved 1114112K
  class space    used 5061K, committed 5696K, reserved 1048576K
}
Event: 25.540 GC heap after
{Heap after GC invocations=10 (full 0):
 garbage-first heap   total 98304K, used 30364K [0x0000000600000000, 0x0000000800000000)
  region size 4096K, 1 young (4096K), 1 survivors (4096K)
 Metaspace       used 34654K, committed 35968K, reserved 1114112K
  class space    used 5061K, committed 5696K, reserved 1048576K
}
Event: 27.886 GC heap before
{Heap before GC invocations=11 (full 0):
 garbage-first heap   total 98304K, used 83612K [0x0000000600000000, 0x0000000800000000)
  region size 4096K, 14 young (57344K), 1 survivors (4096K)
 Metaspace       used 38638K, committed 40192K, reserved 1114112K
  class space    used 5628K, committed 6400K, reserved 1048576K
}
Event: 27.898 GC heap after
{Heap after GC invocations=12 (full 0):
 garbage-first heap   total 98304K, used 33937K [0x0000000600000000, 0x0000000800000000)
  region size 4096K, 2 young (8192K), 2 survivors (8192K)
 Metaspace       used 38638K, committed 40192K, reserved 1114112K
  class space    used 5628K, committed 6400K, reserved 1048576K
}
Event: 36.052 GC heap before
{Heap before GC invocations=12 (full 0):
 garbage-first heap   total 98304K, used 83089K [0x0000000600000000, 0x0000000800000000)
  region size 4096K, 14 young (57344K), 2 survivors (8192K)
 Metaspace       used 41702K, committed 43392K, reserved 1114112K
  class space    used 6142K, committed 6976K, reserved 1048576K
}
Event: 36.064 GC heap after
{Heap after GC invocations=13 (full 0):
 garbage-first heap   total 98304K, used 35502K [0x0000000600000000, 0x0000000800000000)
  region size 4096K, 2 young (8192K), 2 survivors (8192K)
 Metaspace       used 41702K, committed 43392K, reserved 1114112K
  class space    used 6142K, committed 6976K, reserved 1048576K
}
Event: 48.963 GC heap before
{Heap before GC invocations=13 (full 0):
 garbage-first heap   total 98304K, used 80558K [0x0000000600000000, 0x0000000800000000)
  region size 4096K, 13 young (53248K), 2 survivors (8192K)
 Metaspace       used 45382K, committed 47168K, reserved 1114112K
  class space    used 6753K, committed 7616K, reserved 1048576K
}
Event: 48.977 GC heap after
{Heap after GC invocations=14 (full 0):
 garbage-first heap   total 98304K, used 38095K [0x0000000600000000, 0x0000000800000000)
  region size 4096K, 2 young (8192K), 2 survivors (8192K)
 Metaspace       used 45382K, committed 47168K, reserved 1114112K
  class space    used 6753K, committed 7616K, reserved 1048576K
}
Event: 56.534 GC heap before
{Heap before GC invocations=14 (full 0):
 garbage-first heap   total 98304K, used 79055K [0x0000000600000000, 0x0000000800000000)
  region size 4096K, 12 young (49152K), 2 survivors (8192K)
 Metaspace       used 49147K, committed 51072K, reserved 1114112K
  class space    used 7319K, committed 8256K, reserved 1048576K
}
Event: 56.556 GC heap after
{Heap after GC invocations=15 (full 0):
 garbage-first heap   total 98304K, used 41429K [0x0000000600000000, 0x0000000800000000)
  region size 4096K, 2 young (8192K), 2 survivors (8192K)
 Metaspace       used 49147K, committed 51072K, reserved 1114112K
  class space    used 7319K, committed 8256K, reserved 1048576K
}
Event: 65.643 GC heap before
{Heap before GC invocations=15 (full 0):
 garbage-first heap   total 98304K, used 82389K [0x0000000600000000, 0x0000000800000000)
  region size 4096K, 12 young (49152K), 2 survivors (8192K)
 Metaspace       used 51793K, committed 53760K, reserved 1114112K
  class space    used 7741K, committed 8704K, reserved 1048576K
}
Event: 65.663 GC heap after
{Heap after GC invocations=16 (full 0):
 garbage-first heap   total 98304K, used 43480K [0x0000000600000000, 0x0000000800000000)
  region size 4096K, 2 young (8192K), 2 survivors (8192K)
 Metaspace       used 51793K, committed 53760K, reserved 1114112K
  class space    used 7741K, committed 8704K, reserved 1048576K
}
Event: 75.758 GC heap before
{Heap before GC invocations=16 (full 0):
 garbage-first heap   total 98304K, used 80344K [0x0000000600000000, 0x0000000800000000)
  region size 4096K, 12 young (49152K), 2 survivors (8192K)
 Metaspace       used 55562K, committed 57472K, reserved 1114112K
  class space    used 8277K, committed 9216K, reserved 1048576K
}

